*************** Suppression utilisateurs eventuels***************

Utilisateur supprimé.

*************** Creation utilisateur ***************

Utilisateur créé.


Utilisateur modifié.


Utilisateur modifié.


Autorisation de privilèges (GRANT) acceptée.


Autorisation de privilèges (GRANT) acceptée.

ERROR:
ORA-12518: TNS : le processus d'écoute n'a pas pu transmettre la connexion
client


Avertissement : vous n'êtes plus connecté à ORACLE.
SP2-0640: Non connecté
ERROR:
ORA-12518: TNS : le processus d'écoute n'a pas pu transmettre la connexion
client


SP2-0640: Non connecté
SP2-0640: Non connecté
SP2-0640: Non connecté
SP2-0640: Non connecté
SP2-0640: Non connecté
SP2-0640: Non connecté
SP2-0640: Non connecté
SP2-0640: Non connecté
SP2-0640: Non connecté
SP2-0640: Non connecté
SP2-0640: Non connecté
******************** CREATION DES TABLES ********************
SP2-0640: Non connecté
SP2-0640: Non connecté
SP2-0640: Non connecté
SP2-0640: Non connecté
SP2-0640: Non connecté
SP2-0640: Non connecté
SP2-0640: Non connecté
SP2-0640: Non connecté
SP2-0640: Non connecté
SP2-0640: Non connecté
SP2-0640: Non connecté
******************** AJOUT DES CONTRAINTES ********************
****** contraintes de valeurs obligatoires ******
SP2-0640: Non connecté
SP2-0640: Non connecté
SP2-0640: Non connecté
SP2-0640: Non connecté
SP2-0640: Non connecté
SP2-0640: Non connecté
SP2-0640: Non connecté
SP2-0640: Non connecté
SP2-0640: Non connecté
SP2-0640: Non connecté
SP2-0640: Non connecté
****** contraintes de valeurs de domaine ******
SP2-0640: Non connecté
SP2-0640: Non connecté
SP2-0640: Non connecté
SP2-0640: Non connecté
SP2-0640: Non connecté
SP2-0640: Non connecté
****** contraintes de cles primaires ******
SP2-0640: Non connecté
SP2-0640: Non connecté
SP2-0640: Non connecté
SP2-0640: Non connecté
SP2-0640: Non connecté
SP2-0640: Non connecté
SP2-0640: Non connecté
SP2-0640: Non connecté
SP2-0640: Non connecté
SP2-0640: Non connecté
******* contraintes de cles etrangeres *******
SP2-0640: Non connecté
SP2-0640: Non connecté
SP2-0640: Non connecté
SP2-0640: Non connecté
SP2-0640: Non connecté
SP2-0640: Non connecté
******************** INSERTIONS DES DONNEES ********************
SP2-0640: Non connecté
SP2-0640: Non connecté
SP2-0640: Non connecté
SP2-0640: Non connecté
SP2-0640: Non connecté
SP2-0640: Non connecté
SP2-0640: Non connecté
SP2-0640: Non connecté
SP2-0640: Non connecté
SP2-0640: Non connecté
SP2-0640: Non connecté
SP2-0640: Non connecté
SP2-0640: Non connecté
SP2-0640: Non connecté
SP2-0640: Non connecté
SP2-0640: Non connecté
SP2-0640: Non connecté
SP2-0640: Non connecté
SP2-0640: Non connecté
SP2-0640: Non connecté
SP2-0640: Non connecté
SP2-0640: Non connecté
SP2-0640: Non connecté
SP2-0640: Non connecté
SP2-0640: Non connecté
SP2-0640: Non connecté
SP2-0640: Non connecté
SP2-0640: Non connecté
SP2-0640: Non connecté
SP2-0640: Non connecté
SP2-0640: Non connecté
SP2-0640: Non connecté
SP2-0640: Non connecté
SP2-0640: Non connecté
SP2-0640: Non connecté
SP2-0640: Non connecté
SP2-0640: Non connecté
SP2-0640: Non connecté
SP2-0640: Non connecté
SP2-0640: Non connecté
SP2-0640: Non connecté
SP2-0640: Non connecté
SP2-0640: Non connecté
SP2-0640: Non connecté
SP2-0640: Non connecté
SP2-0640: Non connecté
SP2-0640: Non connecté
SP2-0640: Non connecté
SP2-0640: Non connecté
SP2-0640: Non connecté
SP2-0640: Non connecté
SP2-0640: Non connecté
SP2-0640: Non connecté
SP2-0640: Non connecté
SP2-0640: Non connecté
SP2-0640: Non connecté
SP2-0640: Non connecté
SP2-0640: Non connecté
SP2-0640: Non connecté
SP2-0640: Non connecté
SP2-0640: Non connecté
SP2-0640: Non connecté
SP2-0640: Non connecté
SP2-0640: Non connecté
SP2-0640: Non connecté
SP2-0640: Non connecté
SP2-0640: Non connecté
SP2-0640: Non connecté
SP2-0640: Non connecté
SP2-0640: Non connecté
SP2-0640: Non connecté
SP2-0640: Non connecté
SP2-0640: Non connecté
SP2-0640: Non connecté
SP2-0640: Non connecté
SP2-0640: Non connecté
SP2-0640: Non connecté
SP2-0640: Non connecté
SP2-0640: Non connecté
SP2-0640: Non connecté
SP2-0640: Non connecté
SP2-0640: Non connecté
SP2-0640: Non connecté
SP2-0640: Non connecté
SP2-0640: Non connecté
SP2-0640: Non connecté
SP2-0640: Non connecté
SP2-0640: Non connecté
SP2-0640: Non connecté
SP2-0640: Non connecté
SP2-0640: Non connecté
SP2-0640: Non connecté
SP2-0640: Non connecté
SP2-0640: Non connecté
SP2-0640: Non connecté
SP2-0640: Non connecté
SP2-0640: Non connecté
SP2-0640: Non connecté
SP2-0640: Non connecté
SP2-0640: Non connecté
SP2-0640: Non connecté
SP2-0640: Non connecté
SP2-0640: Non connecté
SP2-0640: Non connecté
SP2-0640: Non connecté
SP2-0640: Non connecté
SP2-0640: Non connecté
SP2-0640: Non connecté
SP2-0640: Non connecté
SP2-0640: Non connecté
SP2-0640: Non connecté
SP2-0640: Non connecté
SP2-0640: Non connecté
SP2-0640: Non connecté
SP2-0640: Non connecté
SP2-0640: Non connecté
SP2-0640: Non connecté
SP2-0640: Non connecté
SP2-0640: Non connecté
SP2-0640: Non connecté
SP2-0640: Non connecté
SP2-0640: Non connecté
SP2-0640: Non connecté
SP2-0640: Non connecté
SP2-0640: Non connecté
SP2-0640: Non connecté
SP2-0640: Non connecté
SP2-0640: Non connecté
SP2-0640: Non connecté
SP2-0640: Non connecté
SP2-0640: Non connecté
SP2-0640: Non connecté
SP2-0640: Non connecté
SP2-0640: Non connecté
SP2-0640: Non connecté
SP2-0640: Non connecté
SP2-0640: Non connecté
SP2-0640: Non connecté
SP2-0640: Non connecté
SP2-0640: Non connecté
SP2-0640: Non connecté
SP2-0640: Non connecté
SP2-0640: Non connecté
SP2-0640: Non connecté
SP2-0640: Non connecté
SP2-0640: Non connecté
SP2-0640: Non connecté
SP2-0640: Non connecté
SP2-0640: Non connecté
SP2-0640: Non connecté
SP2-0640: Non connecté
SP2-0640: Non connecté
SP2-0640: Non connecté
SP2-0640: Non connecté
SP2-0640: Non connecté
SP2-0640: Non connecté
SP2-0640: Non connecté
SP2-0640: Non connecté
SP2-0640: Non connecté
SP2-0640: Non connecté
SP2-0640: Non connecté
SP2-0640: Non connecté
SP2-0640: Non connecté
SP2-0640: Non connecté
SP2-0640: Non connecté
SP2-0640: Non connecté
SP2-0640: Non connecté
SP2-0640: Non connecté
SP2-0640: Non connecté
SP2-0640: Non connecté
SP2-0640: Non connecté
SP2-0640: Non connecté
SP2-0640: Non connecté
SP2-0640: Non connecté
SP2-0640: Non connecté
SP2-0640: Non connecté
SP2-0640: Non connecté
SP2-0640: Non connecté
SP2-0640: Non connecté
SP2-0640: Non connecté
SP2-0640: Non connecté
SP2-0640: Non connecté
SP2-0640: Non connecté
SP2-0640: Non connecté
SP2-0640: Non connecté
SP2-0640: Non connecté
SP2-0640: Non connecté
SP2-0640: Non connecté
SP2-0640: Non connecté
SP2-0640: Non connecté
SP2-0640: Non connecté
SP2-0640: Non connecté
SP2-0640: Non connecté
SP2-0640: Non connecté
SP2-0640: Non connecté
SP2-0640: Non connecté
SP2-0640: Non connecté
SP2-0640: Non connecté
SP2-0640: Non connecté
SP2-0640: Non connecté
SP2-0640: Non connecté
SP2-0640: Non connecté
SP2-0640: Non connecté
SP2-0640: Non connecté
SP2-0640: Non connecté
SP2-0640: Non connecté
SP2-0640: Non connecté
SP2-0640: Non connecté
SP2-0640: Non connecté
SP2-0640: Non connecté
SP2-0640: Non connecté
SP2-0640: Non connecté
SP2-0640: Non connecté
SP2-0640: Non connecté
SP2-0640: Non connecté
SP2-0640: Non connecté
SP2-0640: Non connecté
SP2-0640: Non connecté
SP2-0640: Non connecté
SP2-0640: Non connecté
SP2-0640: Non connecté
SP2-0640: Non connecté
SP2-0640: Non connecté
SP2-0640: Non connecté
SP2-0640: Non connecté
SP2-0640: Non connecté
SP2-0640: Non connecté
SP2-0640: Non connecté
SP2-0640: Non connecté
SP2-0640: Non connecté
SP2-0640: Non connecté
SP2-0640: Non connecté
SP2-0640: Non connecté
SP2-0640: Non connecté
SP2-0640: Non connecté
SP2-0640: Non connecté
SP2-0640: Non connecté
SP2-0640: Non connecté
SP2-0640: Non connecté
SP2-0640: Non connecté
SP2-0640: Non connecté
SP2-0640: Non connecté
SP2-0640: Non connecté
SP2-0640: Non connecté
SP2-0640: Non connecté
SP2-0640: Non connecté
SP2-0640: Non connecté
SP2-0640: Non connecté
SP2-0640: Non connecté
SP2-0640: Non connecté
SP2-0640: Non connecté
SP2-0640: Non connecté
SP2-0640: Non connecté
SP2-0640: Non connecté
SP2-0640: Non connecté
SP2-0640: Non connecté
SP2-0640: Non connecté
SP2-0640: Non connecté
SP2-0640: Non connecté
SP2-0640: Non connecté
SP2-0640: Non connecté
SP2-0640: Non connecté
SP2-0640: Non connecté
SP2-0640: Non connecté
SP2-0640: Non connecté
SP2-0640: Non connecté
SP2-0640: Non connecté
SP2-0640: Non connecté
SP2-0640: Non connecté
SP2-0640: Non connecté
SP2-0640: Non connecté
SP2-0640: Non connecté
SP2-0640: Non connecté
SP2-0640: Non connecté
SP2-0640: Non connecté
SP2-0640: Non connecté
SP2-0640: Non connecté
SP2-0640: Non connecté
SP2-0640: Non connecté
SP2-0640: Non connecté
SP2-0640: Non connecté
SP2-0640: Non connecté
SP2-0640: Non connecté
SP2-0640: Non connecté
SP2-0640: Non connecté
SP2-0640: Non connecté
SP2-0640: Non connecté
SP2-0640: Non connecté
SP2-0640: Non connecté
SP2-0640: Non connecté
SP2-0640: Non connecté
SP2-0640: Non connecté
SP2-0640: Non connecté
SP2-0640: Non connecté
SP2-0640: Non connecté
SP2-0640: Non connecté
SP2-0640: Non connecté
SP2-0640: Non connecté
SP2-0640: Non connecté
SP2-0640: Non connecté
SP2-0640: Non connecté
SP2-0640: Non connecté
SP2-0640: Non connecté
SP2-0640: Non connecté
SP2-0640: Non connecté
SP2-0640: Non connecté
SP2-0640: Non connecté
SP2-0640: Non connecté
SP2-0640: Non connecté
SP2-0640: Non connecté
SP2-0640: Non connecté
SP2-0640: Non connecté
SP2-0640: Non connecté
SP2-0640: Non connecté
SP2-0640: Non connecté
SP2-0640: Non connecté
SP2-0640: Non connecté
SP2-0640: Non connecté
SP2-0640: Non connecté
SP2-0640: Non connecté
SP2-0640: Non connecté
SP2-0640: Non connecté
SP2-0640: Non connecté
SP2-0640: Non connecté
SP2-0640: Non connecté
SP2-0640: Non connecté
SP2-0640: Non connecté
SP2-0640: Non connecté
SP2-0640: Non connecté
SP2-0640: Non connecté
SP2-0640: Non connecté
SP2-0640: Non connecté
SP2-0640: Non connecté
SP2-0640: Non connecté
SP2-0640: Non connecté
SP2-0640: Non connecté
SP2-0640: Non connecté
SP2-0640: Non connecté
SP2-0640: Non connecté
SP2-0640: Non connecté
SP2-0640: Non connecté
SP2-0640: Non connecté
SP2-0640: Non connecté
SP2-0640: Non connecté
SP2-0640: Non connecté
SP2-0640: Non connecté
SP2-0640: Non connecté
SP2-0640: Non connecté
SP2-0640: Non connecté
SP2-0640: Non connecté
SP2-0640: Non connecté
SP2-0640: Non connecté
SP2-0640: Non connecté
SP2-0640: Non connecté
SP2-0640: Non connecté
SP2-0640: Non connecté
SP2-0640: Non connecté
SP2-0640: Non connecté
SP2-0640: Non connecté
SP2-0640: Non connecté
SP2-0640: Non connecté
SP2-0640: Non connecté
SP2-0640: Non connecté
SP2-0640: Non connecté
SP2-0640: Non connecté
SP2-0640: Non connecté
SP2-0640: Non connecté
SP2-0640: Non connecté
SP2-0640: Non connecté
SP2-0640: Non connecté
SP2-0640: Non connecté
SP2-0640: Non connecté
SP2-0640: Non connecté
SP2-0640: Non connecté
SP2-0640: Non connecté
SP2-0640: Non connecté
SP2-0640: Non connecté
SP2-0640: Non connecté
SP2-0640: Non connecté
SP2-0640: Non connecté
SP2-0640: Non connecté
SP2-0640: Non connecté
SP2-0640: Non connecté
SP2-0640: Non connecté
SP2-0640: Non connecté
SP2-0640: Non connecté
SP2-0640: Non connecté
SP2-0640: Non connecté
SP2-0640: Non connecté
SP2-0640: Non connecté
SP2-0640: Non connecté
SP2-0640: Non connecté
SP2-0640: Non connecté
SP2-0640: Non connecté
SP2-0640: Non connecté
SP2-0640: Non connecté
SP2-0640: Non connecté
SP2-0640: Non connecté
SP2-0640: Non connecté
SP2-0640: Non connecté
SP2-0640: Non connecté
SP2-0640: Non connecté
SP2-0640: Non connecté
SP2-0640: Non connecté
SP2-0640: Non connecté
SP2-0640: Non connecté
SP2-0640: Non connecté
SP2-0640: Non connecté
SP2-0640: Non connecté
SP2-0640: Non connecté
SP2-0640: Non connecté
SP2-0640: Non connecté
SP2-0640: Non connecté
SP2-0640: Non connecté
SP2-0640: Non connecté
SP2-0640: Non connecté
SP2-0640: Non connecté
SP2-0640: Non connecté
SP2-0640: Non connecté
SP2-0640: Non connecté
SP2-0640: Non connecté
SP2-0640: Non connecté
SP2-0640: Non connecté
SP2-0640: Non connecté
SP2-0640: Non connecté
SP2-0640: Non connecté
SP2-0640: Non connecté
SP2-0640: Non connecté
SP2-0640: Non connecté
SP2-0640: Non connecté
SP2-0640: Non connecté
SP2-0640: Non connecté
SP2-0640: Non connecté
SP2-0640: Non connecté
SP2-0640: Non connecté
SP2-0640: Non connecté
SP2-0640: Non connecté
SP2-0640: Non connecté
SP2-0640: Non connecté
SP2-0640: Non connecté
SP2-0640: Non connecté
SP2-0640: Non connecté
SP2-0640: Non connecté
SP2-0640: Non connecté
SP2-0640: Non connecté
SP2-0640: Non connecté
SP2-0640: Non connecté
SP2-0640: Non connecté
SP2-0640: Non connecté
SP2-0640: Non connecté
SP2-0640: Non connecté
SP2-0640: Non connecté
SP2-0640: Non connecté
SP2-0640: Non connecté
SP2-0640: Non connecté
SP2-0640: Non connecté
SP2-0640: Non connecté
SP2-0640: Non connecté
SP2-0640: Non connecté
SP2-0640: Non connecté
SP2-0640: Non connecté
SP2-0640: Non connecté
SP2-0640: Non connecté
SP2-0640: Non connecté
SP2-0640: Non connecté
SP2-0640: Non connecté
SP2-0640: Non connecté
SP2-0640: Non connecté
SP2-0640: Non connecté
SP2-0640: Non connecté
SP2-0640: Non connecté
SP2-0640: Non connecté
SP2-0640: Non connecté
SP2-0640: Non connecté
SP2-0640: Non connecté
SP2-0640: Non connecté
SP2-0640: Non connecté
SP2-0640: Non connecté
SP2-0640: Non connecté
SP2-0640: Non connecté
SP2-0640: Non connecté
SP2-0640: Non connecté
SP2-0640: Non connecté
SP2-0640: Non connecté
SP2-0640: Non connecté
SP2-0640: Non connecté
SP2-0640: Non connecté
SP2-0640: Non connecté
SP2-0640: Non connecté
SP2-0640: Non connecté
SP2-0640: Non connecté
SP2-0640: Non connecté
SP2-0640: Non connecté
SP2-0640: Non connecté
SP2-0640: Non connecté
SP2-0640: Non connecté
SP2-0640: Non connecté
SP2-0640: Non connecté
SP2-0640: Non connecté
SP2-0640: Non connecté
SP2-0640: Non connecté
SP2-0640: Non connecté
SP2-0640: Non connecté
SP2-0640: Non connecté
SP2-0640: Non connecté
SP2-0640: Non connecté
SP2-0640: Non connecté
SP2-0640: Non connecté
SP2-0640: Non connecté
SP2-0640: Non connecté
SP2-0640: Non connecté
SP2-0640: Non connecté
SP2-0640: Non connecté
SP2-0640: Non connecté
SP2-0640: Non connecté
SP2-0640: Non connecté
SP2-0640: Non connecté
SP2-0640: Non connecté
SP2-0640: Non connecté
SP2-0640: Non connecté
SP2-0640: Non connecté
SP2-0640: Non connecté
SP2-0640: Non connecté
SP2-0640: Non connecté
SP2-0640: Non connecté
SP2-0640: Non connecté
SP2-0640: Non connecté
SP2-0640: Non connecté
SP2-0640: Non connecté
SP2-0640: Non connecté
SP2-0640: Non connecté
SP2-0640: Non connecté
SP2-0640: Non connecté
SP2-0640: Non connecté
SP2-0640: Non connecté
SP2-0640: Non connecté
SP2-0640: Non connecté
SP2-0640: Non connecté
SP2-0640: Non connecté
SP2-0640: Non connecté
SP2-0640: Non connecté
SP2-0640: Non connecté
SP2-0640: Non connecté
SP2-0640: Non connecté
SP2-0640: Non connecté
SP2-0640: Non connecté
SP2-0640: Non connecté
SP2-0640: Non connecté
SP2-0640: Non connecté
SP2-0640: Non connecté
SP2-0640: Non connecté
SP2-0640: Non connecté
SP2-0640: Non connecté
SP2-0640: Non connecté
SP2-0640: Non connecté
SP2-0640: Non connecté
SP2-0640: Non connecté
SP2-0640: Non connecté
SP2-0640: Non connecté
SP2-0640: Non connecté
SP2-0640: Non connecté
SP2-0640: Non connecté
SP2-0640: Non connecté
SP2-0640: Non connecté
SP2-0640: Non connecté
SP2-0640: Non connecté
SP2-0640: Non connecté
SP2-0640: Non connecté
SP2-0640: Non connecté
SP2-0640: Non connecté
SP2-0640: Non connecté
SP2-0640: Non connecté
SP2-0640: Non connecté
SP2-0640: Non connecté
SP2-0640: Non connecté
SP2-0640: Non connecté
SP2-0640: Non connecté
SP2-0640: Non connecté
SP2-0640: Non connecté
SP2-0640: Non connecté
SP2-0640: Non connecté
SP2-0640: Non connecté
SP2-0640: Non connecté
SP2-0640: Non connecté
SP2-0640: Non connecté
SP2-0640: Non connecté
SP2-0640: Non connecté
SP2-0640: Non connecté
SP2-0640: Non connecté
SP2-0640: Non connecté
SP2-0640: Non connecté
SP2-0640: Non connecté
SP2-0640: Non connecté
SP2-0640: Non connecté
SP2-0640: Non connecté
SP2-0640: Non connecté
SP2-0640: Non connecté
SP2-0640: Non connecté
SP2-0640: Non connecté
SP2-0640: Non connecté
SP2-0640: Non connecté
SP2-0640: Non connecté
SP2-0640: Non connecté
SP2-0640: Non connecté
SP2-0640: Non connecté
SP2-0640: Non connecté
SP2-0640: Non connecté
SP2-0640: Non connecté
SP2-0640: Non connecté
SP2-0640: Non connecté
SP2-0640: Non connecté
SP2-0640: Non connecté
SP2-0640: Non connecté
SP2-0640: Non connecté
SP2-0640: Non connecté
SP2-0640: Non connecté
SP2-0640: Non connecté
SP2-0640: Non connecté
SP2-0640: Non connecté
SP2-0640: Non connecté
SP2-0640: Non connecté
SP2-0640: Non connecté
SP2-0640: Non connecté
SP2-0640: Non connecté
SP2-0640: Non connecté
SP2-0640: Non connecté
SP2-0640: Non connecté
SP2-0640: Non connecté
SP2-0640: Non connecté
SP2-0640: Non connecté
SP2-0640: Non connecté
SP2-0640: Non connecté
SP2-0640: Non connecté
SP2-0640: Non connecté
SP2-0640: Non connecté
SP2-0640: Non connecté
SP2-0640: Non connecté
SP2-0640: Non connecté
SP2-0640: Non connecté
SP2-0640: Non connecté
SP2-0640: Non connecté
SP2-0640: Non connecté
SP2-0640: Non connecté
SP2-0640: Non connecté
SP2-0640: Non connecté
SP2-0640: Non connecté
SP2-0640: Non connecté
SP2-0640: Non connecté
SP2-0640: Non connecté
SP2-0640: Non connecté
SP2-0640: Non connecté
SP2-0640: Non connecté
SP2-0640: Non connecté
SP2-0640: Non connecté
SP2-0640: Non connecté
SP2-0640: Non connecté
SP2-0640: Non connecté
SP2-0640: Non connecté
SP2-0640: Non connecté
SP2-0640: Non connecté
SP2-0640: Non connecté
SP2-0640: Non connecté
SP2-0640: Non connecté
SP2-0640: Non connecté
SP2-0640: Non connecté
SP2-0640: Non connecté
SP2-0640: Non connecté
SP2-0640: Non connecté
SP2-0640: Non connecté
SP2-0640: Non connecté
SP2-0640: Non connecté
SP2-0640: Non connecté
SP2-0640: Non connecté
SP2-0640: Non connecté
SP2-0640: Non connecté
SP2-0640: Non connecté
SP2-0640: Non connecté
SP2-0640: Non connecté
SP2-0640: Non connecté
SP2-0640: Non connecté
SP2-0640: Non connecté
SP2-0640: Non connecté
SP2-0640: Non connecté
SP2-0640: Non connecté
SP2-0640: Non connecté
SP2-0640: Non connecté
SP2-0640: Non connecté
SP2-0640: Non connecté
SP2-0640: Non connecté
SP2-0640: Non connecté
SP2-0640: Non connecté
SP2-0640: Non connecté
SP2-0640: Non connecté
SP2-0640: Non connecté
SP2-0640: Non connecté
SP2-0640: Non connecté
SP2-0640: Non connecté
SP2-0640: Non connecté
SP2-0640: Non connecté
SP2-0640: Non connecté
SP2-0640: Non connecté
SP2-0640: Non connecté
SP2-0640: Non connecté
SP2-0640: Non connecté
SP2-0640: Non connecté
SP2-0640: Non connecté
SP2-0640: Non connecté
SP2-0640: Non connecté
SP2-0640: Non connecté
SP2-0640: Non connecté
SP2-0640: Non connecté
SP2-0640: Non connecté
SP2-0640: Non connecté
SP2-0640: Non connecté
SP2-0640: Non connecté
SP2-0640: Non connecté
SP2-0640: Non connecté
SP2-0640: Non connecté
SP2-0640: Non connecté
SP2-0640: Non connecté
SP2-0640: Non connecté
SP2-0640: Non connecté
SP2-0640: Non connecté
SP2-0640: Non connecté
SP2-0640: Non connecté
SP2-0640: Non connecté
SP2-0640: Non connecté
SP2-0640: Non connecté
SP2-0640: Non connecté
SP2-0640: Non connecté
SP2-0640: Non connecté
SP2-0640: Non connecté
SP2-0640: Non connecté
SP2-0640: Non connecté
SP2-0640: Non connecté
SP2-0640: Non connecté
SP2-0640: Non connecté
SP2-0640: Non connecté
SP2-0640: Non connecté
SP2-0640: Non connecté
SP2-0640: Non connecté
SP2-0640: Non connecté
SP2-0640: Non connecté
SP2-0640: Non connecté
SP2-0640: Non connecté
SQL> exit
